This is pdfTeX, Version 3.14159265-2.6-1.40.20 (MiKTeX 2.9.7050 64-bit) (preloaded format=pdflatex 2019.6.5)  6 SEP 2021 09:26
entering extended mode
**./tikz4edc1846746f.tex
(tikz4edc1846746f.tex
LaTeX2e <2018-12-01>

(C:\Users\jfrees\AppData\Roaming\MiKTeX\2.9\tex/latex/standalone\standalone.cls
Document Class: standalone 2018/03/26 v1.3a Class to compile TeX sub-files stan
dalone
("C:\Program Files\MiKTeX 2.9\tex/latex/tools\shellesc.sty"
Package: shellesc 2016/06/07 v0.02a unified shell escape interface for LaTeX
Package shellesc Info: Restricted shell escape enabled on input line 69.
) ("C:\Program Files\MiKTeX 2.9\tex/generic/oberdiek\ifluatex.sty"
Package: ifluatex 2016/05/16 v1.4 Provides the ifluatex switch (HO)
Package ifluatex Info: LuaTeX not detected.
) ("C:\Program Files\MiKTeX 2.9\tex/generic/oberdiek\ifpdf.sty"
Package: ifpdf 2018/09/07 v3.3 Provides the ifpdf switch
) ("C:\Program Files\MiKTeX 2.9\tex/generic/ifxetex\ifxetex.sty"
Package: ifxetex 2010/09/12 v0.6 Provides ifxetex conditional
) ("C:\Program Files\MiKTeX 2.9\tex/latex/xkeyval\xkeyval.sty"
Package: xkeyval 2014/12/03 v2.7a package option processing (HA)
("C:\Program Files\MiKTeX 2.9\tex/generic/xkeyval\xkeyval.tex" ("C:\Program Fil
es\MiKTeX 2.9\tex/generic/xkeyval\xkvutils.tex"
\XKV@toks=\toks14
\XKV@tempa@toks=\toks15
("C:\Program Files\MiKTeX 2.9\tex/generic/xkeyval\keyval.tex"))
\XKV@depth=\count80
File: xkeyval.tex 2014/12/03 v2.7a key=value parser (HA)
))
\sa@internal=\count81
\c@sapage=\count82

(C:\Users\jfrees\AppData\Roaming\MiKTeX\2.9\tex/latex/standalone\standalone.cfg
File: standalone.cfg 2018/03/26 v1.3a Default configuration file for 'standalon
e' class
) ("C:\Program Files\MiKTeX 2.9\tex/latex/base\article.cls"
Document Class: article 2018/09/03 v1.4i Standard LaTeX document class
("C:\Program Files\MiKTeX 2.9\tex/latex/base\size10.clo"
File: size10.clo 2018/09/03 v1.4i Standard LaTeX file (size option)
)
\c@part=\count83
\c@section=\count84
\c@subsection=\count85
\c@subsubsection=\count86
\c@paragraph=\count87
\c@subparagraph=\count88
\c@figure=\count89
\c@table=\count90
\abovecaptionskip=\skip41
\belowcaptionskip=\skip42
\bibindent=\dimen102
)
(C:\Users\jfrees\AppData\Roaming\MiKTeX\2.9\tex/latex/pgf/frontendlayer\tikz.st
y (C:\Users\jfrees\AppData\Roaming\MiKTeX\2.9\tex/latex/pgf/basiclayer\pgf.sty 
(C:\Users\jfrees\AppData\Roaming\MiKTeX\2.9\tex/latex/pgf/utilities\pgfrcs.sty
(C:\Users\jfrees\AppData\Roaming\MiKTeX\2.9\tex/generic/pgf/utilities\pgfutil-c
ommon.tex
\pgfutil@everybye=\toks16
\pgfutil@tempdima=\dimen103
\pgfutil@tempdimb=\dimen104

(C:\Users\jfrees\AppData\Roaming\MiKTeX\2.9\tex/generic/pgf/utilities\pgfutil-c
ommon-lists.tex))
(C:\Users\jfrees\AppData\Roaming\MiKTeX\2.9\tex/generic/pgf/utilities\pgfutil-l
atex.def
\pgfutil@abb=\box27
(C:\Users\jfrees\AppData\Roaming\MiKTeX\2.9\tex/latex/ms\everyshi.sty
Package: everyshi 2001/05/15 v3.00 EveryShipout Package (MS)
))
(C:\Users\jfrees\AppData\Roaming\MiKTeX\2.9\tex/generic/pgf/utilities\pgfrcs.co
de.tex (C:\Users\jfrees\AppData\Roaming\MiKTeX\2.9\tex/generic/pgf\pgf.revision
.tex)
Package: pgfrcs 2019/05/09 v3.1.3 (3.1.3)
))
Package: pgf 2019/05/09 v3.1.3 (3.1.3)

(C:\Users\jfrees\AppData\Roaming\MiKTeX\2.9\tex/latex/pgf/basiclayer\pgfcore.st
y ("C:\Program Files\MiKTeX 2.9\tex/latex/graphics\graphicx.sty"
Package: graphicx 2017/06/01 v1.1a Enhanced LaTeX Graphics (DPC,SPQR)
("C:\Program Files\MiKTeX 2.9\tex/latex/graphics\graphics.sty"
Package: graphics 2017/06/25 v1.2c Standard LaTeX Graphics (DPC,SPQR)
("C:\Program Files\MiKTeX 2.9\tex/latex/graphics\trig.sty"
Package: trig 2016/01/03 v1.10 sin cos tan (DPC)
) ("C:\Program Files\MiKTeX 2.9\tex/latex/graphics-cfg\graphics.cfg"
File: graphics.cfg 2016/06/04 v1.11 sample graphics configuration
)
Package graphics Info: Driver file: pdftex.def on input line 99.
("C:\Program Files\MiKTeX 2.9\tex/latex/graphics-def\pdftex.def"
File: pdftex.def 2018/01/08 v1.0l Graphics/color driver for pdftex
))
\Gin@req@height=\dimen105
\Gin@req@width=\dimen106
)
(C:\Users\jfrees\AppData\Roaming\MiKTeX\2.9\tex/latex/pgf/systemlayer\pgfsys.st
y
(C:\Users\jfrees\AppData\Roaming\MiKTeX\2.9\tex/generic/pgf/systemlayer\pgfsys.
code.tex
Package: pgfsys 2019/05/09 v3.1.3 (3.1.3)

(C:\Users\jfrees\AppData\Roaming\MiKTeX\2.9\tex/generic/pgf/utilities\pgfkeys.c
ode.tex
\pgfkeys@pathtoks=\toks17
\pgfkeys@temptoks=\toks18

(C:\Users\jfrees\AppData\Roaming\MiKTeX\2.9\tex/generic/pgf/utilities\pgfkeysfi
ltered.code.tex
\pgfkeys@tmptoks=\toks19
))
\pgf@x=\dimen107
\pgf@y=\dimen108
\pgf@xa=\dimen109
\pgf@ya=\dimen110
\pgf@xb=\dimen111
\pgf@yb=\dimen112
\pgf@xc=\dimen113
\pgf@yc=\dimen114
\pgf@xd=\dimen115
\pgf@yd=\dimen116
\w@pgf@writea=\write3
\r@pgf@reada=\read1
\c@pgf@counta=\count91
\c@pgf@countb=\count92
\c@pgf@countc=\count93
\c@pgf@countd=\count94
\t@pgf@toka=\toks20
\t@pgf@tokb=\toks21
\t@pgf@tokc=\toks22
\pgf@sys@id@count=\count95

(C:\Users\jfrees\AppData\Roaming\MiKTeX\2.9\tex/generic/pgf/systemlayer\pgf.cfg
File: pgf.cfg 2019/05/09 v3.1.3 (3.1.3)
)
Driver file for pgf: pgfsys-pdftex.def

(C:\Users\jfrees\AppData\Roaming\MiKTeX\2.9\tex/generic/pgf/systemlayer\pgfsys-
pdftex.def
File: pgfsys-pdftex.def 2019/05/09 v3.1.3 (3.1.3)

(C:\Users\jfrees\AppData\Roaming\MiKTeX\2.9\tex/generic/pgf/systemlayer\pgfsys-
common-pdf.def
File: pgfsys-common-pdf.def 2019/05/09 v3.1.3 (3.1.3)
)))
(C:\Users\jfrees\AppData\Roaming\MiKTeX\2.9\tex/generic/pgf/systemlayer\pgfsyss
oftpath.code.tex
File: pgfsyssoftpath.code.tex 2019/05/09 v3.1.3 (3.1.3)
\pgfsyssoftpath@smallbuffer@items=\count96
\pgfsyssoftpath@bigbuffer@items=\count97
)
(C:\Users\jfrees\AppData\Roaming\MiKTeX\2.9\tex/generic/pgf/systemlayer\pgfsysp
rotocol.code.tex
File: pgfsysprotocol.code.tex 2019/05/09 v3.1.3 (3.1.3)
)) (C:\Users\jfrees\AppData\Roaming\MiKTeX\2.9\tex/latex/xcolor\xcolor.sty
Package: xcolor 2016/05/11 v2.12 LaTeX color extensions (UK)
("C:\Program Files\MiKTeX 2.9\tex/latex/graphics-cfg\color.cfg"
File: color.cfg 2016/01/02 v1.6 sample color configuration
)
Package xcolor Info: Driver file: pdftex.def on input line 225.
Package xcolor Info: Model `cmy' substituted by `cmy0' on input line 1348.
Package xcolor Info: Model `hsb' substituted by `rgb' on input line 1352.
Package xcolor Info: Model `RGB' extended on input line 1364.
Package xcolor Info: Model `HTML' substituted by `rgb' on input line 1366.
Package xcolor Info: Model `Hsb' substituted by `hsb' on input line 1367.
Package xcolor Info: Model `tHsb' substituted by `hsb' on input line 1368.
Package xcolor Info: Model `HSB' substituted by `hsb' on input line 1369.
Package xcolor Info: Model `Gray' substituted by `gray' on input line 1370.
Package xcolor Info: Model `wave' substituted by `hsb' on input line 1371.
)
(C:\Users\jfrees\AppData\Roaming\MiKTeX\2.9\tex/generic/pgf/basiclayer\pgfcore.
code.tex
Package: pgfcore 2019/05/09 v3.1.3 (3.1.3)

(C:\Users\jfrees\AppData\Roaming\MiKTeX\2.9\tex/generic/pgf/math\pgfmath.code.t
ex
(C:\Users\jfrees\AppData\Roaming\MiKTeX\2.9\tex/generic/pgf/math\pgfmathcalc.co
de.tex
(C:\Users\jfrees\AppData\Roaming\MiKTeX\2.9\tex/generic/pgf/math\pgfmathutil.co
de.tex)
(C:\Users\jfrees\AppData\Roaming\MiKTeX\2.9\tex/generic/pgf/math\pgfmathparser.
code.tex
\pgfmath@dimen=\dimen117
\pgfmath@count=\count98
\pgfmath@box=\box28
\pgfmath@toks=\toks23
\pgfmath@stack@operand=\toks24
\pgfmath@stack@operation=\toks25
)
(C:\Users\jfrees\AppData\Roaming\MiKTeX\2.9\tex/generic/pgf/math\pgfmathfunctio
ns.code.tex
(C:\Users\jfrees\AppData\Roaming\MiKTeX\2.9\tex/generic/pgf/math\pgfmathfunctio
ns.basic.code.tex)
(C:\Users\jfrees\AppData\Roaming\MiKTeX\2.9\tex/generic/pgf/math\pgfmathfunctio
ns.trigonometric.code.tex)
(C:\Users\jfrees\AppData\Roaming\MiKTeX\2.9\tex/generic/pgf/math\pgfmathfunctio
ns.random.code.tex)
(C:\Users\jfrees\AppData\Roaming\MiKTeX\2.9\tex/generic/pgf/math\pgfmathfunctio
ns.comparison.code.tex)
(C:\Users\jfrees\AppData\Roaming\MiKTeX\2.9\tex/generic/pgf/math\pgfmathfunctio
ns.base.code.tex)
(C:\Users\jfrees\AppData\Roaming\MiKTeX\2.9\tex/generic/pgf/math\pgfmathfunctio
ns.round.code.tex)
(C:\Users\jfrees\AppData\Roaming\MiKTeX\2.9\tex/generic/pgf/math\pgfmathfunctio
ns.misc.code.tex)
(C:\Users\jfrees\AppData\Roaming\MiKTeX\2.9\tex/generic/pgf/math\pgfmathfunctio
ns.integerarithmetics.code.tex)))
(C:\Users\jfrees\AppData\Roaming\MiKTeX\2.9\tex/generic/pgf/math\pgfmathfloat.c
ode.tex
\c@pgfmathroundto@lastzeros=\count99
))
(C:\Users\jfrees\AppData\Roaming\MiKTeX\2.9\tex/generic/pgf/math\pgfint.code.te
x)
(C:\Users\jfrees\AppData\Roaming\MiKTeX\2.9\tex/generic/pgf/basiclayer\pgfcorep
oints.code.tex
File: pgfcorepoints.code.tex 2019/05/09 v3.1.3 (3.1.3)
\pgf@picminx=\dimen118
\pgf@picmaxx=\dimen119
\pgf@picminy=\dimen120
\pgf@picmaxy=\dimen121
\pgf@pathminx=\dimen122
\pgf@pathmaxx=\dimen123
\pgf@pathminy=\dimen124
\pgf@pathmaxy=\dimen125
\pgf@xx=\dimen126
\pgf@xy=\dimen127
\pgf@yx=\dimen128
\pgf@yy=\dimen129
\pgf@zx=\dimen130
\pgf@zy=\dimen131
)
(C:\Users\jfrees\AppData\Roaming\MiKTeX\2.9\tex/generic/pgf/basiclayer\pgfcorep
athconstruct.code.tex
File: pgfcorepathconstruct.code.tex 2019/05/09 v3.1.3 (3.1.3)
\pgf@path@lastx=\dimen132
\pgf@path@lasty=\dimen133
)
(C:\Users\jfrees\AppData\Roaming\MiKTeX\2.9\tex/generic/pgf/basiclayer\pgfcorep
athusage.code.tex
File: pgfcorepathusage.code.tex 2019/05/09 v3.1.3 (3.1.3)
\pgf@shorten@end@additional=\dimen134
\pgf@shorten@start@additional=\dimen135
)
(C:\Users\jfrees\AppData\Roaming\MiKTeX\2.9\tex/generic/pgf/basiclayer\pgfcores
copes.code.tex
File: pgfcorescopes.code.tex 2019/05/09 v3.1.3 (3.1.3)
\pgfpic=\box29
\pgf@hbox=\box30
\pgf@layerbox@main=\box31
\pgf@picture@serial@count=\count100
)
(C:\Users\jfrees\AppData\Roaming\MiKTeX\2.9\tex/generic/pgf/basiclayer\pgfcoreg
raphicstate.code.tex
File: pgfcoregraphicstate.code.tex 2019/05/09 v3.1.3 (3.1.3)
\pgflinewidth=\dimen136
)
(C:\Users\jfrees\AppData\Roaming\MiKTeX\2.9\tex/generic/pgf/basiclayer\pgfcoret
ransformations.code.tex
File: pgfcoretransformations.code.tex 2019/05/09 v3.1.3 (3.1.3)
\pgf@pt@x=\dimen137
\pgf@pt@y=\dimen138
\pgf@pt@temp=\dimen139
)
(C:\Users\jfrees\AppData\Roaming\MiKTeX\2.9\tex/generic/pgf/basiclayer\pgfcoreq
uick.code.tex
File: pgfcorequick.code.tex 2019/05/09 v3.1.3 (3.1.3)
)
(C:\Users\jfrees\AppData\Roaming\MiKTeX\2.9\tex/generic/pgf/basiclayer\pgfcoreo
bjects.code.tex
File: pgfcoreobjects.code.tex 2019/05/09 v3.1.3 (3.1.3)
)
(C:\Users\jfrees\AppData\Roaming\MiKTeX\2.9\tex/generic/pgf/basiclayer\pgfcorep
athprocessing.code.tex
File: pgfcorepathprocessing.code.tex 2019/05/09 v3.1.3 (3.1.3)
)
(C:\Users\jfrees\AppData\Roaming\MiKTeX\2.9\tex/generic/pgf/basiclayer\pgfcorea
rrows.code.tex
File: pgfcorearrows.code.tex 2019/05/09 v3.1.3 (3.1.3)
\pgfarrowsep=\dimen140
)
(C:\Users\jfrees\AppData\Roaming\MiKTeX\2.9\tex/generic/pgf/basiclayer\pgfcores
hade.code.tex
File: pgfcoreshade.code.tex 2019/05/09 v3.1.3 (3.1.3)
\pgf@max=\dimen141
\pgf@sys@shading@range@num=\count101
\pgf@shadingcount=\count102
)
(C:\Users\jfrees\AppData\Roaming\MiKTeX\2.9\tex/generic/pgf/basiclayer\pgfcorei
mage.code.tex
File: pgfcoreimage.code.tex 2019/05/09 v3.1.3 (3.1.3)

(C:\Users\jfrees\AppData\Roaming\MiKTeX\2.9\tex/generic/pgf/basiclayer\pgfcoree
xternal.code.tex
File: pgfcoreexternal.code.tex 2019/05/09 v3.1.3 (3.1.3)
\pgfexternal@startupbox=\box32
))
(C:\Users\jfrees\AppData\Roaming\MiKTeX\2.9\tex/generic/pgf/basiclayer\pgfcorel
ayers.code.tex
File: pgfcorelayers.code.tex 2019/05/09 v3.1.3 (3.1.3)
)
(C:\Users\jfrees\AppData\Roaming\MiKTeX\2.9\tex/generic/pgf/basiclayer\pgfcoret
ransparency.code.tex
File: pgfcoretransparency.code.tex 2019/05/09 v3.1.3 (3.1.3)
)
(C:\Users\jfrees\AppData\Roaming\MiKTeX\2.9\tex/generic/pgf/basiclayer\pgfcorep
atterns.code.tex
File: pgfcorepatterns.code.tex 2019/05/09 v3.1.3 (3.1.3)
)
(C:\Users\jfrees\AppData\Roaming\MiKTeX\2.9\tex/generic/pgf/basiclayer\pgfcorer
df.code.tex
File: pgfcorerdf.code.tex 2019/05/09 v3.1.3 (3.1.3)
)))
(C:\Users\jfrees\AppData\Roaming\MiKTeX\2.9\tex/generic/pgf/modules\pgfmodulesh
apes.code.tex
File: pgfmoduleshapes.code.tex 2019/05/09 v3.1.3 (3.1.3)
\pgfnodeparttextbox=\box33
)
(C:\Users\jfrees\AppData\Roaming\MiKTeX\2.9\tex/generic/pgf/modules\pgfmodulepl
ot.code.tex
File: pgfmoduleplot.code.tex 2019/05/09 v3.1.3 (3.1.3)
)
(C:\Users\jfrees\AppData\Roaming\MiKTeX\2.9\tex/latex/pgf/compatibility\pgfcomp
-version-0-65.sty
Package: pgfcomp-version-0-65 2019/05/09 v3.1.3 (3.1.3)
\pgf@nodesepstart=\dimen142
\pgf@nodesepend=\dimen143
)
(C:\Users\jfrees\AppData\Roaming\MiKTeX\2.9\tex/latex/pgf/compatibility\pgfcomp
-version-1-18.sty
Package: pgfcomp-version-1-18 2019/05/09 v3.1.3 (3.1.3)
)) (C:\Users\jfrees\AppData\Roaming\MiKTeX\2.9\tex/latex/pgf/utilities\pgffor.s
ty
(C:\Users\jfrees\AppData\Roaming\MiKTeX\2.9\tex/latex/pgf/utilities\pgfkeys.sty

(C:\Users\jfrees\AppData\Roaming\MiKTeX\2.9\tex/generic/pgf/utilities\pgfkeys.c
ode.tex)) (C:\Users\jfrees\AppData\Roaming\MiKTeX\2.9\tex/latex/pgf/math\pgfmat
h.sty
(C:\Users\jfrees\AppData\Roaming\MiKTeX\2.9\tex/generic/pgf/math\pgfmath.code.t
ex))
(C:\Users\jfrees\AppData\Roaming\MiKTeX\2.9\tex/generic/pgf/utilities\pgffor.co
de.tex
Package: pgffor 2019/05/09 v3.1.3 (3.1.3)

(C:\Users\jfrees\AppData\Roaming\MiKTeX\2.9\tex/generic/pgf/math\pgfmath.code.t
ex)
\pgffor@iter=\dimen144
\pgffor@skip=\dimen145
\pgffor@stack=\toks26
\pgffor@toks=\toks27
))
(C:\Users\jfrees\AppData\Roaming\MiKTeX\2.9\tex/generic/pgf/frontendlayer/tikz\
tikz.code.tex
Package: tikz 2019/05/09 v3.1.3 (3.1.3)

(C:\Users\jfrees\AppData\Roaming\MiKTeX\2.9\tex/generic/pgf/libraries\pgflibrar
yplothandlers.code.tex
File: pgflibraryplothandlers.code.tex 2019/05/09 v3.1.3 (3.1.3)
\pgf@plot@mark@count=\count103
\pgfplotmarksize=\dimen146
)
\tikz@lastx=\dimen147
\tikz@lasty=\dimen148
\tikz@lastxsaved=\dimen149
\tikz@lastysaved=\dimen150
\tikzleveldistance=\dimen151
\tikzsiblingdistance=\dimen152
\tikz@figbox=\box34
\tikz@figbox@bg=\box35
\tikz@tempbox=\box36
\tikz@tempbox@bg=\box37
\tikztreelevel=\count104
\tikznumberofchildren=\count105
\tikznumberofcurrentchild=\count106
\tikz@fig@count=\count107

(C:\Users\jfrees\AppData\Roaming\MiKTeX\2.9\tex/generic/pgf/modules\pgfmodulema
trix.code.tex
File: pgfmodulematrix.code.tex 2019/05/09 v3.1.3 (3.1.3)
\pgfmatrixcurrentrow=\count108
\pgfmatrixcurrentcolumn=\count109
\pgf@matrix@numberofcolumns=\count110
)
\tikz@expandcount=\count111

(C:\Users\jfrees\AppData\Roaming\MiKTeX\2.9\tex/generic/pgf/frontendlayer/tikz/
libraries\tikzlibrarytopaths.code.tex
File: tikzlibrarytopaths.code.tex 2019/05/09 v3.1.3 (3.1.3)
)))
\sa@box=\box38
) ("C:\Program Files\MiKTeX 2.9\tex/latex/amsmath\amsmath.sty"
Package: amsmath 2018/12/01 v2.17b AMS math features
\@mathmargin=\skip43
For additional information on amsmath, use the `?' option.
("C:\Program Files\MiKTeX 2.9\tex/latex/amsmath\amstext.sty"
Package: amstext 2000/06/29 v2.01 AMS text
("C:\Program Files\MiKTeX 2.9\tex/latex/amsmath\amsgen.sty"
File: amsgen.sty 1999/11/30 v2.0 generic functions
\@emptytoks=\toks28
\ex@=\dimen153
)) ("C:\Program Files\MiKTeX 2.9\tex/latex/amsmath\amsbsy.sty"
Package: amsbsy 1999/11/29 v1.2d Bold Symbols
\pmbraise@=\dimen154
) ("C:\Program Files\MiKTeX 2.9\tex/latex/amsmath\amsopn.sty"
Package: amsopn 2016/03/08 v2.02 operator names
)
\inf@bad=\count112
LaTeX Info: Redefining \frac on input line 223.
\uproot@=\count113
\leftroot@=\count114
LaTeX Info: Redefining \overline on input line 385.
\classnum@=\count115
\DOTSCASE@=\count116
LaTeX Info: Redefining \ldots on input line 482.
LaTeX Info: Redefining \dots on input line 485.
LaTeX Info: Redefining \cdots on input line 606.
\Mathstrutbox@=\box39
\strutbox@=\box40
\big@size=\dimen155
LaTeX Font Info:    Redeclaring font encoding OML on input line 729.
LaTeX Font Info:    Redeclaring font encoding OMS on input line 730.
\macc@depth=\count117
\c@MaxMatrixCols=\count118
\dotsspace@=\muskip10
\c@parentequation=\count119
\dspbrk@lvl=\count120
\tag@help=\toks29
\row@=\count121
\column@=\count122
\maxfields@=\count123
\andhelp@=\toks30
\eqnshift@=\dimen156
\alignsep@=\dimen157
\tagshift@=\dimen158
\tagwidth@=\dimen159
\totwidth@=\dimen160
\lineht@=\dimen161
\@envbody=\toks31
\multlinegap=\skip44
\multlinetaggap=\skip45
\mathdisplay@stack=\toks32
LaTeX Info: Redefining \[ on input line 2844.
LaTeX Info: Redefining \] on input line 2845.
)
(C:\Users\jfrees\AppData\Roaming\MiKTeX\2.9\tex/generic/pgf/frontendlayer/tikz/
libraries\tikzlibrarymatrix.code.tex
File: tikzlibrarymatrix.code.tex 2019/05/09 v3.1.3 (3.1.3)
) (tikz4edc1846746f.aux)
\openout1 = `tikz4edc1846746f.aux'.

LaTeX Font Info:    Checking defaults for OML/cmm/m/it on input line 5.
LaTeX Font Info:    ... okay on input line 5.
LaTeX Font Info:    Checking defaults for T1/cmr/m/n on input line 5.
LaTeX Font Info:    ... okay on input line 5.
LaTeX Font Info:    Checking defaults for OT1/cmr/m/n on input line 5.
LaTeX Font Info:    ... okay on input line 5.
LaTeX Font Info:    Checking defaults for OMS/cmsy/m/n on input line 5.
LaTeX Font Info:    ... okay on input line 5.
LaTeX Font Info:    Checking defaults for OMX/cmex/m/n on input line 5.
LaTeX Font Info:    ... okay on input line 5.
LaTeX Font Info:    Checking defaults for U/cmr/m/n on input line 5.
LaTeX Font Info:    ... okay on input line 5.
ABD: EveryShipout initializing macros
(C:\Users\jfrees\AppData\Roaming\MiKTeX\2.9\tex/context/base/mkii\supp-pdf.mkii
[Loading MPS to PDF converter (version 2006.09.02).]
\scratchcounter=\count124
\scratchdimen=\dimen162
\scratchbox=\box41
\nofMPsegments=\count125
\nofMParguments=\count126
\everyMPshowfont=\toks33
\MPscratchCnt=\count127
\MPscratchDim=\dimen163
\MPnumerator=\count128
\makeMPintoPDFobject=\count129
\everyMPtoPDFconversion=\toks34
) ("C:\Program Files\MiKTeX 2.9\tex/latex/oberdiek\epstopdf-base.sty"
Package: epstopdf-base 2016/05/15 v2.6 Base part for package epstopdf
("C:\Program Files\MiKTeX 2.9\tex/generic/oberdiek\infwarerr.sty"
Package: infwarerr 2016/05/16 v1.4 Providing info/warning/error messages (HO)
) ("C:\Program Files\MiKTeX 2.9\tex/latex/oberdiek\grfext.sty"
Package: grfext 2016/05/16 v1.2 Manage graphics extensions (HO)
("C:\Program Files\MiKTeX 2.9\tex/generic/oberdiek\kvdefinekeys.sty"
Package: kvdefinekeys 2016/05/16 v1.4 Define keys (HO)
("C:\Program Files\MiKTeX 2.9\tex/generic/oberdiek\ltxcmds.sty"
Package: ltxcmds 2016/05/16 v1.23 LaTeX kernel commands for general use (HO)
))) ("C:\Program Files\MiKTeX 2.9\tex/latex/oberdiek\kvoptions.sty"
Package: kvoptions 2016/05/16 v3.12 Key value format for package options (HO)
("C:\Program Files\MiKTeX 2.9\tex/generic/oberdiek\kvsetkeys.sty"
Package: kvsetkeys 2016/05/16 v1.17 Key value parser (HO)
("C:\Program Files\MiKTeX 2.9\tex/generic/oberdiek\etexcmds.sty"
Package: etexcmds 2016/05/16 v1.6 Avoid name clashes with e-TeX commands (HO)
))) ("C:\Program Files\MiKTeX 2.9\tex/generic/oberdiek\pdftexcmds.sty"
Package: pdftexcmds 2018/09/10 v0.29 Utility functions of pdfTeX for LuaTeX (HO
)
Package pdftexcmds Info: LuaTeX not detected.
Package pdftexcmds Info: \pdf@primitive is available.
Package pdftexcmds Info: \pdf@ifprimitive is available.
Package pdftexcmds Info: \pdfdraftmode found.
)
Package epstopdf-base Info: Redefining graphics rule for `.eps' on input line 4
38.
Package grfext Info: Graphics extension search list:
(grfext)             [.pdf,.png,.jpg,.mps,.jpeg,.jbig2,.jb2,.PDF,.PNG,.JPG,.JPE
G,.JBIG2,.JB2,.eps]
(grfext)             \AppendGraphicsExtensions on input line 456.
)
(C:\Users\jfrees\AppData\Roaming\MiKTeX\2.9\tex/generic/pgf/frontendlayer/tikz/
libraries\tikzlibrarysnakes.code.tex
File: tikzlibrarysnakes.code.tex 2019/05/09 v3.1.3 (3.1.3)

Package pgf Warning: Snakes have been superseded by decorations. Please use the
 decoration libraries instead of the snakes library on input line 14.


(C:\Users\jfrees\AppData\Roaming\MiKTeX\2.9\tex/generic/pgf/frontendlayer/tikz/
libraries\tikzlibrarydecorations.pathmorphing.code.tex
(C:\Users\jfrees\AppData\Roaming\MiKTeX\2.9\tex/generic/pgf/frontendlayer/tikz/
libraries\tikzlibrarydecorations.code.tex
(C:\Users\jfrees\AppData\Roaming\MiKTeX\2.9\tex/generic/pgf/modules\pgfmodulede
corations.code.tex
\pgfdecoratedcompleteddistance=\dimen164
\pgfdecoratedremainingdistance=\dimen165
\pgfdecoratedinputsegmentcompleteddistance=\dimen166
\pgfdecoratedinputsegmentremainingdistance=\dimen167
\pgf@decorate@distancetomove=\dimen168
\pgf@decorate@repeatstate=\count130
\pgfdecorationsegmentamplitude=\dimen169
\pgfdecorationsegmentlength=\dimen170
)
\tikz@lib@dec@box=\box42
)
(C:\Users\jfrees\AppData\Roaming\MiKTeX\2.9\tex/generic/pgf/libraries/decoratio
ns\pgflibrarydecorations.pathmorphing.code.tex))
(C:\Users\jfrees\AppData\Roaming\MiKTeX\2.9\tex/generic/pgf/frontendlayer/tikz/
libraries\tikzlibrarydecorations.pathreplacing.code.tex
(C:\Users\jfrees\AppData\Roaming\MiKTeX\2.9\tex/generic/pgf/libraries/decoratio
ns\pgflibrarydecorations.pathreplacing.code.tex))
(C:\Users\jfrees\AppData\Roaming\MiKTeX\2.9\tex/generic/pgf/frontendlayer/tikz/
libraries\tikzlibrarydecorations.shapes.code.tex
(C:\Users\jfrees\AppData\Roaming\MiKTeX\2.9\tex/generic/pgf/libraries/decoratio
ns\pgflibrarydecorations.shapes.code.tex))) [1

{C:/Users/jfrees/AppData/Local/MiKTeX/2.9/pdftex/config/pdftex.map}] (tikz4edc1
846746f.aux) ) 
Here is how much of TeX's memory you used:
 13467 strings out of 492895
 282832 string characters out of 3133477
 308781 words of memory out of 3000000
 17117 multiletter control sequences out of 15000+200000
 4402 words of font info for 17 fonts, out of 3000000 for 9000
 1141 hyphenation exceptions out of 8191
 62i,8n,76p,424b,616s stack positions out of 5000i,500n,10000p,200000b,50000s
<C:/Program Files/MiKTeX 2.9/fonts/type1/public/amsfonts/cm/cmbx1
0.pfb><C:/Program Files/MiKTeX 2.9/fonts/type1/public/amsfonts/cm/cmmi10.pfb><C
:/Program Files/MiKTeX 2.9/fonts/type1/public/amsfonts/cm/cmr10.pfb><C:/Program
 Files/MiKTeX 2.9/fonts/type1/public/amsfonts/cm/cmr5.pfb><C:/Program Files/MiK
TeX 2.9/fonts/type1/public/amsfonts/cm/cmr7.pfb>
Output written on tikz4edc1846746f.pdf (1 page, 51073 bytes).
PDF statistics:
 29 PDF objects out of 1000 (max. 8388607)
 0 named destinations out of 1000 (max. 500000)
 13 words of extra memory for PDF output out of 10000 (max. 10000000)

